<!DOCTYPE html PUBLIC "-//W3C//DTD XHTML 1.1//EN" "https://www.w3.org/TR/xhtml11/DTD/xhtml11.dtd">
<html xmlns="https://www.w3.org/1999/xhtml">
<head>
<meta http-equiv="content-type" content="text/html; charset=UTF-8"/>
<title>TestNG Report</title>
<style type="text/css">table {margin-bottom:10px;border-collapse:collapse;empty-cells:show}th,td {border:1px solid #009;padding:.25em .5em}th {vertical-align:bottom}td {vertical-align:top}table a {font-weight:bold}.stripe td {background-color: #E6EBF9}.num {text-align:right}.passedodd td {background-color: #3F3}.passedeven td {background-color: #0A0}.skippedodd td {background-color: #DDD}.skippedeven td {background-color: #CCC}.failedodd td,.attn {background-color: #F33}.failedeven td,.stripe .attn {background-color: #D00}.stacktrace {white-space:pre;font-family:monospace}.totop {font-size:85%;text-align:center;border-bottom:2px solid #000}.invisible {display:none}</style>
</head>
<body>
<table>
<tr><th>Test</th><th># Passed</th><th># Skipped</th><th># Retried</th><th># Failed</th><th>Time (ms)</th><th>Included Groups</th><th>Excluded Groups</th></tr>
<tr><th colspan="8">Suite</th></tr>
<tr><td><a href="#t0">Test</a></td><td class="num">18</td><td class="num">0</td><td class="num">0</td><td class="num attn">3</td><td class="num">42,086</td><td></td><td></td></tr>
</table>
<table id='summary'><thead><tr><th>Class</th><th>Method</th><th>Start</th><th>Time (ms)</th></tr></thead><tbody><tr><th colspan="4">Suite</th></tr></tbody><tbody id="t0"><tr><th colspan="4">Test &#8212; failed</th></tr><tr class="failedeven"><td rowspan="2">petstore.testcases.StoreDataDriventests</td><td><a href="#m0">testGetStoreOrderByID_DD_Negative</a></td><td rowspan="2">1758337633497</td><td rowspan="2">1643</td></tr><tr class="failedeven"><td><a href="#m1">testGetStoreOrderByID_DD_Negative</a></td></tr><tr class="failedodd"><td rowspan="1">petstore.testcases.Storetests</td><td><a href="#m2">testGetStoreOrder</a></td><td rowspan="1">1758337644602</td><td rowspan="1">1638</td></tr><tr><th colspan="4">Test &#8212; passed</th></tr><tr class="passedeven"><td rowspan="2">petstore.testcases.AuthenticationTests</td><td><a href="#m3">testApiKey</a></td><td rowspan="1">1758337649873</td><td rowspan="1">179</td></tr><tr class="passedeven"><td><a href="#m4">testAuthentication</a></td><td rowspan="1">1758337647830</td><td rowspan="1">2034</td></tr><tr class="passedodd"><td rowspan="7">petstore.testcases.StoreDataDriventests</td><td><a href="#m5">testDeleteStoreOrderByID_DD</a></td><td rowspan="3">1758337626337</td><td rowspan="3">1565</td></tr><tr class="passedodd"><td><a href="#m6">testDeleteStoreOrderByID_DD</a></td></tr><tr class="passedodd"><td><a href="#m7">testDeleteStoreOrderByID_DD</a></td></tr><tr class="passedodd"><td><a href="#m8">testGetStoreOrderByID_DD_Negative</a></td><td rowspan="1">1758337631068</td><td rowspan="1">2427</td></tr><tr class="passedodd"><td><a href="#m9">testPostStoreOrder_DD</a></td><td rowspan="3">1758337623098</td><td rowspan="3">1633</td></tr><tr class="passedodd"><td><a href="#m10">testPostStoreOrder_DD</a></td></tr><tr class="passedodd"><td><a href="#m11">testPostStoreOrder_DD</a></td></tr><tr class="passedeven"><td rowspan="2">petstore.testcases.Storetests</td><td><a href="#m12">testDeleteStoreOrder</a></td><td rowspan="1">1758337646242</td><td rowspan="1">1577</td></tr><tr class="passedeven"><td><a href="#m13">testPostStoreOrder</a></td><td rowspan="1">1758337640582</td><td rowspan="1">4012</td></tr><tr class="passedodd"><td rowspan="6">petstore.testcases.UserDataDriventests</td><td><a href="#m14">testDeleteUserByName</a></td><td rowspan="3">1758337616380</td><td rowspan="3">1591</td></tr><tr class="passedodd"><td><a href="#m15">testDeleteUserByName</a></td></tr><tr class="passedodd"><td><a href="#m16">testDeleteUserByName</a></td></tr><tr class="passedodd"><td><a href="#m17">testPostUser</a></td><td rowspan="3">1758337614599</td><td rowspan="3">1632</td></tr><tr class="passedodd"><td><a href="#m18">testPostUser</a></td></tr><tr class="passedodd"><td><a href="#m19">testPostUser</a></td></tr><tr class="passedeven"><td rowspan="1">petstore.testcases.Usertests</td><td><a href="#m20">testCreateUser</a></td><td rowspan="1">1758337636950</td><td rowspan="1">3619</td></tr></tbody>
</table>
<h2>Test</h2><h3 id="m0">petstore.testcases.StoreDataDriventests#testGetStoreOrderByID_DD_Negative</h3><table class="result"><tr class="param"><th>Parameter #1</th></tr><tr class="param stripe"><td>4</td></tr><tr><th>Exception</th></tr><tr><td><div class="stacktrace">java.lang.AssertionError: 1 expectation failed.
JSON path message doesn&apos;t match.
Expected: Order not found
  Actual: null

	at org.codehaus.groovy.runtime.callsite.ConstructorSite$ConstructorSiteNoUnwrapNoCoerce.callConstructor(ConstructorSite.java:108)
	at org.codehaus.groovy.runtime.callsite.CallSiteArray.defaultCallConstructor(CallSiteArray.java:58)
	at org.codehaus.groovy.runtime.callsite.AbstractCallSite.callConstructor(AbstractCallSite.java:263)
	at org.codehaus.groovy.runtime.callsite.AbstractCallSite.callConstructor(AbstractCallSite.java:277)
	at io.restassured.internal.ResponseSpecificationImpl$HamcrestAssertionClosure.validate(ResponseSpecificationImpl.groovy:512)
	at io.restassured.internal.ResponseSpecificationImpl$HamcrestAssertionClosure$validate$1.call(Unknown Source)
	at io.restassured.internal.ResponseSpecificationImpl.validateResponseIfRequired(ResponseSpecificationImpl.groovy:696)
	at io.restassured.internal.ResponseSpecificationImpl.this$2$validateResponseIfRequired(ResponseSpecificationImpl.groovy)
	at org.codehaus.groovy.runtime.callsite.PlainObjectMetaMethodSite.doInvoke(PlainObjectMetaMethodSite.java:43)
	at org.codehaus.groovy.runtime.callsite.PogoMetaMethodSite$PogoCachedMethodSiteNoUnwrapNoCoerce.invoke(PogoMetaMethodSite.java:198)
	at org.codehaus.groovy.runtime.callsite.PogoMetaMethodSite.callCurrent(PogoMetaMethodSite.java:62)
	at org.codehaus.groovy.runtime.callsite.AbstractCallSite.callCurrent(AbstractCallSite.java:185)
	at io.restassured.internal.ResponseSpecificationImpl.body(ResponseSpecificationImpl.groovy:270)
	at io.restassured.specification.ResponseSpecification$body$0.callCurrent(Unknown Source)
	at io.restassured.internal.ResponseSpecificationImpl.body(ResponseSpecificationImpl.groovy:117)
	at io.restassured.internal.ValidatableResponseOptionsImpl.body(ValidatableResponseOptionsImpl.java:244)
	at petstore.testcases.StoreDataDriventests.testGetStoreOrderByID_DD_Negative(StoreDataDriventests.java:65)
	at java.base/java.util.ArrayList.forEach(ArrayList.java:1597)
... Removed 31 stack frames</div></td></tr></table><p class="totop"><a href="#summary">back to summary</a></p>
<h3 id="m1">petstore.testcases.StoreDataDriventests#testGetStoreOrderByID_DD_Negative</h3><table class="result"><tr class="param"><th>Parameter #1</th></tr><tr class="param stripe"><td>6</td></tr><tr><th>Exception</th></tr><tr><td><div class="stacktrace">java.lang.AssertionError: 1 expectation failed.
JSON path message doesn&apos;t match.
Expected: Order not found
  Actual: null

	at org.codehaus.groovy.runtime.callsite.ConstructorSite$ConstructorSiteNoUnwrapNoCoerce.callConstructor(ConstructorSite.java:108)
	at org.codehaus.groovy.runtime.callsite.AbstractCallSite.callConstructor(AbstractCallSite.java:277)
	at io.restassured.internal.ResponseSpecificationImpl$HamcrestAssertionClosure.validate(ResponseSpecificationImpl.groovy:512)
	at io.restassured.internal.ResponseSpecificationImpl$HamcrestAssertionClosure$validate$1.call(Unknown Source)
	at io.restassured.internal.ResponseSpecificationImpl.validateResponseIfRequired(ResponseSpecificationImpl.groovy:696)
	at io.restassured.internal.ResponseSpecificationImpl.this$2$validateResponseIfRequired(ResponseSpecificationImpl.groovy)
	at org.codehaus.groovy.runtime.callsite.PlainObjectMetaMethodSite.doInvoke(PlainObjectMetaMethodSite.java:43)
	at org.codehaus.groovy.runtime.callsite.PogoMetaMethodSite$PogoCachedMethodSiteNoUnwrapNoCoerce.invoke(PogoMetaMethodSite.java:198)
	at org.codehaus.groovy.runtime.callsite.PogoMetaMethodSite.callCurrent(PogoMetaMethodSite.java:62)
	at org.codehaus.groovy.runtime.callsite.AbstractCallSite.callCurrent(AbstractCallSite.java:185)
	at io.restassured.internal.ResponseSpecificationImpl.body(ResponseSpecificationImpl.groovy:270)
	at io.restassured.specification.ResponseSpecification$body$0.callCurrent(Unknown Source)
	at io.restassured.internal.ResponseSpecificationImpl.body(ResponseSpecificationImpl.groovy:117)
	at io.restassured.internal.ValidatableResponseOptionsImpl.body(ValidatableResponseOptionsImpl.java:244)
	at petstore.testcases.StoreDataDriventests.testGetStoreOrderByID_DD_Negative(StoreDataDriventests.java:65)
	at java.base/java.util.ArrayList.forEach(ArrayList.java:1597)
... Removed 31 stack frames</div></td></tr></table><p class="totop"><a href="#summary">back to summary</a></p>
<h3 id="m2">petstore.testcases.Storetests#testGetStoreOrder</h3><table class="result"><tr><th>Exception</th></tr><tr><td><div class="stacktrace">java.lang.AssertionError: expected [200] but found [404]
	at petstore.testcases.Storetests.testGetStoreOrder(Storetests.java:84)
	at java.base/java.util.ArrayList.forEach(ArrayList.java:1597)
... Removed 31 stack frames</div></td></tr></table><p class="totop"><a href="#summary">back to summary</a></p>
<h3 id="m3">petstore.testcases.AuthenticationTests#testApiKey</h3><table class="result"><tr><th class="invisible"/></tr></table><p class="totop"><a href="#summary">back to summary</a></p>
<h3 id="m4">petstore.testcases.AuthenticationTests#testAuthentication</h3><table class="result"><tr><th class="invisible"/></tr></table><p class="totop"><a href="#summary">back to summary</a></p>
<h3 id="m5">petstore.testcases.StoreDataDriventests#testDeleteStoreOrderByID_DD</h3><table class="result"><tr class="param"><th>Parameter #1</th></tr><tr class="param stripe"><td>2</td></tr></table><p class="totop"><a href="#summary">back to summary</a></p>
<h3 id="m6">petstore.testcases.StoreDataDriventests#testDeleteStoreOrderByID_DD</h3><table class="result"><tr class="param"><th>Parameter #1</th></tr><tr class="param stripe"><td>4</td></tr></table><p class="totop"><a href="#summary">back to summary</a></p>
<h3 id="m7">petstore.testcases.StoreDataDriventests#testDeleteStoreOrderByID_DD</h3><table class="result"><tr class="param"><th>Parameter #1</th></tr><tr class="param stripe"><td>6</td></tr></table><p class="totop"><a href="#summary">back to summary</a></p>
<h3 id="m8">petstore.testcases.StoreDataDriventests#testGetStoreOrderByID_DD_Negative</h3><table class="result"><tr class="param"><th>Parameter #1</th></tr><tr class="param stripe"><td>2</td></tr></table><p class="totop"><a href="#summary">back to summary</a></p>
<h3 id="m9">petstore.testcases.StoreDataDriventests#testPostStoreOrder_DD</h3><table class="result"><tr class="param"><th>Parameter #1</th><th>Parameter #2</th><th>Parameter #3</th><th>Parameter #4</th><th>Parameter #5</th><th>Parameter #6</th></tr><tr class="param stripe"><td>4</td><td>14</td><td>24</td><td>Random</td><td>placed</td><td>true</td></tr></table><p class="totop"><a href="#summary">back to summary</a></p>
<h3 id="m10">petstore.testcases.StoreDataDriventests#testPostStoreOrder_DD</h3><table class="result"><tr class="param"><th>Parameter #1</th><th>Parameter #2</th><th>Parameter #3</th><th>Parameter #4</th><th>Parameter #5</th><th>Parameter #6</th></tr><tr class="param stripe"><td>2</td><td>12</td><td>22</td><td>Random</td><td>placed</td><td>true</td></tr></table><p class="totop"><a href="#summary">back to summary</a></p>
<h3 id="m11">petstore.testcases.StoreDataDriventests#testPostStoreOrder_DD</h3><table class="result"><tr class="param"><th>Parameter #1</th><th>Parameter #2</th><th>Parameter #3</th><th>Parameter #4</th><th>Parameter #5</th><th>Parameter #6</th></tr><tr class="param stripe"><td>6</td><td>16</td><td>26</td><td>Random</td><td>placed</td><td>true</td></tr></table><p class="totop"><a href="#summary">back to summary</a></p>
<h3 id="m12">petstore.testcases.Storetests#testDeleteStoreOrder</h3><table class="result"><tr><th class="invisible"/></tr></table><p class="totop"><a href="#summary">back to summary</a></p>
<h3 id="m13">petstore.testcases.Storetests#testPostStoreOrder</h3><table class="result"><tr><th class="invisible"/></tr></table><p class="totop"><a href="#summary">back to summary</a></p>
<h3 id="m14">petstore.testcases.UserDataDriventests#testDeleteUserByName</h3><table class="result"><tr class="param"><th>Parameter #1</th></tr><tr class="param stripe"><td>testuser1</td></tr></table><p class="totop"><a href="#summary">back to summary</a></p>
<h3 id="m15">petstore.testcases.UserDataDriventests#testDeleteUserByName</h3><table class="result"><tr class="param"><th>Parameter #1</th></tr><tr class="param stripe"><td>testuser2</td></tr></table><p class="totop"><a href="#summary">back to summary</a></p>
<h3 id="m16">petstore.testcases.UserDataDriventests#testDeleteUserByName</h3><table class="result"><tr class="param"><th>Parameter #1</th></tr><tr class="param stripe"><td>testuser3</td></tr></table><p class="totop"><a href="#summary">back to summary</a></p>
<h3 id="m17">petstore.testcases.UserDataDriventests#testPostUser</h3><table class="result"><tr class="param"><th>Parameter #1</th><th>Parameter #2</th><th>Parameter #3</th><th>Parameter #4</th><th>Parameter #5</th><th>Parameter #6</th><th>Parameter #7</th></tr><tr class="param stripe"><td>1030</td><td>testuser3</td><td>Smith</td><td>Steve</td><td>c@gmail.com</td><td>test@3</td><td>1234567897</td></tr></table><p class="totop"><a href="#summary">back to summary</a></p>
<h3 id="m18">petstore.testcases.UserDataDriventests#testPostUser</h3><table class="result"><tr class="param"><th>Parameter #1</th><th>Parameter #2</th><th>Parameter #3</th><th>Parameter #4</th><th>Parameter #5</th><th>Parameter #6</th><th>Parameter #7</th></tr><tr class="param stripe"><td>1010</td><td>testuser1</td><td>John</td><td>Canedy</td><td>a@gmail.com</td><td>test@1</td><td>1234567897</td></tr></table><p class="totop"><a href="#summary">back to summary</a></p>
<h3 id="m19">petstore.testcases.UserDataDriventests#testPostUser</h3><table class="result"><tr class="param"><th>Parameter #1</th><th>Parameter #2</th><th>Parameter #3</th><th>Parameter #4</th><th>Parameter #5</th><th>Parameter #6</th><th>Parameter #7</th></tr><tr class="param stripe"><td>1020</td><td>testuser2</td><td>Kim</td><td>Kom</td><td>b@gmail.com</td><td>test@2</td><td>1234567897</td></tr></table><p class="totop"><a href="#summary">back to summary</a></p>
<h3 id="m20">petstore.testcases.Usertests#testCreateUser</h3><table class="result"><tr><th class="invisible"/></tr></table><p class="totop"><a href="#summary">back to summary</a></p>
</body>
</html>
